<?xml version="1.0" encoding="UTF-8"?>
<!-- Generated by org.testng.reporters.JUnitReportReporter -->
<testsuite skipped="0" hostname="Acer" name="app.tests.HomePageTest" tests="6" failures="0" timestamp="05 Jan 2020 05:47:55 GMT" time="10.792" errors="0">
  <testcase name="verifyDressespage" time="3.462" classname="app.tests.HomePageTest"/>
  <testcase name="shirtsTag" time="0.208" classname="app.tests.HomePageTest"/>
  <testcase name="verifyWomenpage" time="3.225" classname="app.tests.HomePageTest"/>
  <testcase name="verifyWomenTag" time="0.160" classname="app.tests.HomePageTest"/>
  <testcase name="verifyshirtspage" time="3.471" classname="app.tests.HomePageTest"/>
  <testcase name="DressesTag" time="0.266" classname="app.tests.HomePageTest"/>
</testsuite> <!-- app.tests.HomePageTest -->
